<?xml version="1.0" encoding="UTF-8"?>
<!-- Generated by org.testng.reporters.JUnitXMLReporter -->
<testsuite hostname="D-113064580" ignored="0" name="Hello World" tests="2" failures="0" timestamp="07 Feb 2018 13:04:50 GMT" time="18.616" errors="0">
  <testcase name="testExecute" time="18.557" classname="com.wipro.practice.SeleniumPractice.HelloWorldTest"/>
  <testcase name="testExecute1" time="0.001" classname="com.wipro.practice.SeleniumPractice.HelloWorldTest"/>
</testsuite> <!-- Hello World -->
