<?xml version="1.0" encoding="UTF-8"?>
<!-- Generated by org.testng.reporters.JUnitXMLReporter -->
<testsuite hostname="D-113064624" ignored="0" name="Hello World" tests="2" failures="0" timestamp="07 Feb 2018 10:02:13 GMT" time="22.643" errors="0">
  <testcase name="testExecute" time="22.602" classname="com.wipro.practice.SeleniumPractice.HelloWorldTest"/>
  <testcase name="testExecute1" time="0.002" classname="com.wipro.practice.SeleniumPractice.HelloWorldTest"/>
</testsuite> <!-- Hello World -->
