<?xml version="1.0" encoding="UTF-8"?>
<!-- Generated by org.testng.reporters.JUnitXMLReporter -->
<testsuite hostname="D-113064580" ignored="0" name="Hello World" tests="2" failures="0" timestamp="07 Feb 2018 12:17:15 GMT" time="9.22" errors="0">
  <testcase name="testExecute" time="9.197" classname="com.wipro.practice.SeleniumPractice.HelloWorldTest"/>
  <testcase name="testExecute1" time="0.0" classname="com.wipro.practice.SeleniumPractice.HelloWorldTest"/>
</testsuite> <!-- Hello World -->
