<?xml version="1.0" encoding="UTF-8"?>
<testng-results skipped="0" failed="0" ignored="0" total="2" passed="2">
  <reporter-output>
  </reporter-output>
  <suite name="My Test Suite" duration-ms="18616" started-at="2018-02-07T13:04:32Z" finished-at="2018-02-07T13:04:50Z">
    <groups>
    </groups>
    <test name="Hello World" duration-ms="18616" started-at="2018-02-07T13:04:32Z" finished-at="2018-02-07T13:04:50Z">
      <class name="com.wipro.practice.SeleniumPractice.HelloWorldTest">
        <test-method status="PASS" signature="initializeExtentReport()[pri:0, instance:com.wipro.practice.SeleniumPractice.HelloWorldTest@7d9d1a19]" name="initializeExtentReport" is-config="true" duration-ms="81" started-at="2018-02-07T18:34:32Z" finished-at="2018-02-07T18:34:32Z">
          <reporter-output>
          </reporter-output>
        </test-method> <!-- initializeExtentReport -->
        <test-method status="PASS" signature="beforeMethod()[pri:0, instance:com.wipro.practice.SeleniumPractice.HelloWorldTest@7d9d1a19]" name="beforeMethod" is-config="true" duration-ms="3" started-at="2018-02-07T18:34:32Z" finished-at="2018-02-07T18:34:32Z">
          <reporter-output>
          </reporter-output>
        </test-method> <!-- beforeMethod -->
        <test-method status="PASS" signature="testExecute(java.lang.String)[pri:0, instance:com.wipro.practice.SeleniumPractice.HelloWorldTest@7d9d1a19]" name="testExecute" duration-ms="18557" started-at="2018-02-07T18:34:32Z" finished-at="2018-02-07T18:34:50Z">
          <params>
            <param index="0">
              <value>
                <![CDATA[Hello World!]]>
              </value>
            </param>
          </params>
          <reporter-output>
          </reporter-output>
        </test-method> <!-- testExecute -->
        <test-method status="PASS" signature="getResult(org.testng.ITestResult)[pri:0, instance:com.wipro.practice.SeleniumPractice.HelloWorldTest@7d9d1a19]" name="getResult" is-config="true" duration-ms="14" started-at="2018-02-07T18:34:50Z" finished-at="2018-02-07T18:34:50Z">
          <params>
            <param index="0">
              <value>
                <![CDATA[[TestResult name=testExecute status=SUCCESS method=HelloWorldTest.testExecute(java.lang.String)[pri:0, instance:com.wipro.practice.SeleniumPractice.HelloWorldTest@7d9d1a19] output={null}]]]>
              </value>
            </param>
          </params>
          <reporter-output>
          </reporter-output>
        </test-method> <!-- getResult -->
        <test-method status="PASS" signature="testExecute1()[pri:0, instance:com.wipro.practice.SeleniumPractice.HelloWorldTest@7d9d1a19]" name="testExecute1" duration-ms="1" started-at="2018-02-07T18:34:50Z" finished-at="2018-02-07T18:34:50Z">
          <reporter-output>
          </reporter-output>
        </test-method> <!-- testExecute1 -->
        <test-method status="PASS" signature="getResult(org.testng.ITestResult)[pri:0, instance:com.wipro.practice.SeleniumPractice.HelloWorldTest@7d9d1a19]" name="getResult" is-config="true" duration-ms="2" started-at="2018-02-07T18:34:50Z" finished-at="2018-02-07T18:34:50Z">
          <params>
            <param index="0">
              <value>
                <![CDATA[[TestResult name=testExecute1 status=SUCCESS method=HelloWorldTest.testExecute1()[pri:0, instance:com.wipro.practice.SeleniumPractice.HelloWorldTest@7d9d1a19] output={null}]]]>
              </value>
            </param>
          </params>
          <reporter-output>
          </reporter-output>
        </test-method> <!-- getResult -->
        <test-method status="PASS" signature="deinitializeExtentReport()[pri:0, instance:com.wipro.practice.SeleniumPractice.HelloWorldTest@7d9d1a19]" name="deinitializeExtentReport" is-config="true" duration-ms="18" started-at="2018-02-07T18:34:50Z" finished-at="2018-02-07T18:34:50Z">
          <reporter-output>
          </reporter-output>
        </test-method> <!-- deinitializeExtentReport -->
      </class> <!-- com.wipro.practice.SeleniumPractice.HelloWorldTest -->
    </test> <!-- Hello World -->
  </suite> <!-- My Test Suite -->
</testng-results>
