<?xml version="1.0" encoding="UTF-8"?>
<testng-results skipped="0" failed="0" ignored="0" total="2" passed="2">
  <reporter-output>
  </reporter-output>
  <suite name="My Test Suite" duration-ms="22643" started-at="2018-02-07T10:01:50Z" finished-at="2018-02-07T10:02:13Z">
    <groups>
    </groups>
    <test name="Hello World" duration-ms="22643" started-at="2018-02-07T10:01:50Z" finished-at="2018-02-07T10:02:13Z">
      <class name="com.wipro.practice.SeleniumPractice.HelloWorldTest">
        <test-method status="PASS" signature="initializeExtentReport()[pri:0, instance:com.wipro.practice.SeleniumPractice.HelloWorldTest@7d9d1a19]" name="initializeExtentReport" is-config="true" duration-ms="50" started-at="2018-02-07T15:31:50Z" finished-at="2018-02-07T15:31:50Z">
          <reporter-output>
          </reporter-output>
        </test-method> <!-- initializeExtentReport -->
        <test-method status="PASS" signature="beforeMethod()[pri:0, instance:com.wipro.practice.SeleniumPractice.HelloWorldTest@7d9d1a19]" name="beforeMethod" is-config="true" duration-ms="2" started-at="2018-02-07T15:31:50Z" finished-at="2018-02-07T15:31:50Z">
          <reporter-output>
          </reporter-output>
        </test-method> <!-- beforeMethod -->
        <test-method status="PASS" signature="testExecute(java.lang.String)[pri:0, instance:com.wipro.practice.SeleniumPractice.HelloWorldTest@7d9d1a19]" name="testExecute" duration-ms="22602" started-at="2018-02-07T15:31:50Z" finished-at="2018-02-07T15:32:13Z">
          <params>
            <param index="0">
              <value>
                <![CDATA[Hello World!]]>
              </value>
            </param>
          </params>
          <reporter-output>
          </reporter-output>
        </test-method> <!-- testExecute -->
        <test-method status="PASS" signature="getResult(org.testng.ITestResult)[pri:0, instance:com.wipro.practice.SeleniumPractice.HelloWorldTest@7d9d1a19]" name="getResult" is-config="true" duration-ms="8" started-at="2018-02-07T15:32:13Z" finished-at="2018-02-07T15:32:13Z">
          <params>
            <param index="0">
              <value>
                <![CDATA[[TestResult name=testExecute status=SUCCESS method=HelloWorldTest.testExecute(java.lang.String)[pri:0, instance:com.wipro.practice.SeleniumPractice.HelloWorldTest@7d9d1a19] output={null}]]]>
              </value>
            </param>
          </params>
          <reporter-output>
          </reporter-output>
        </test-method> <!-- getResult -->
        <test-method status="PASS" signature="testExecute1()[pri:0, instance:com.wipro.practice.SeleniumPractice.HelloWorldTest@7d9d1a19]" name="testExecute1" duration-ms="2" started-at="2018-02-07T15:32:13Z" finished-at="2018-02-07T15:32:13Z">
          <reporter-output>
          </reporter-output>
        </test-method> <!-- testExecute1 -->
        <test-method status="PASS" signature="getResult(org.testng.ITestResult)[pri:0, instance:com.wipro.practice.SeleniumPractice.HelloWorldTest@7d9d1a19]" name="getResult" is-config="true" duration-ms="10" started-at="2018-02-07T15:32:13Z" finished-at="2018-02-07T15:32:13Z">
          <params>
            <param index="0">
              <value>
                <![CDATA[[TestResult name=testExecute1 status=SUCCESS method=HelloWorldTest.testExecute1()[pri:0, instance:com.wipro.practice.SeleniumPractice.HelloWorldTest@7d9d1a19] output={null}]]]>
              </value>
            </param>
          </params>
          <reporter-output>
          </reporter-output>
        </test-method> <!-- getResult -->
        <test-method status="PASS" signature="deinitializeExtentReport()[pri:0, instance:com.wipro.practice.SeleniumPractice.HelloWorldTest@7d9d1a19]" name="deinitializeExtentReport" is-config="true" duration-ms="45" started-at="2018-02-07T15:32:13Z" finished-at="2018-02-07T15:32:13Z">
          <reporter-output>
          </reporter-output>
        </test-method> <!-- deinitializeExtentReport -->
      </class> <!-- com.wipro.practice.SeleniumPractice.HelloWorldTest -->
    </test> <!-- Hello World -->
  </suite> <!-- My Test Suite -->
</testng-results>
